  stdafx.cpp
  Main.cpp
c:\users\test\source\repos\new folder2\merlinstrials\merlinstrials\source\objects\gatemodel.h(49): warning C4305: 'argument': truncation from 'double' to 'float'
c:\users\test\source\repos\new folder2\merlinstrials\merlinstrials\source\objects\gatemodel.h(50): warning C4305: 'argument': truncation from 'double' to 'float'
c:\users\test\source\repos\new folder2\merlinstrials\merlinstrials\source\objects\gatemodel.h(51): warning C4305: 'argument': truncation from 'double' to 'float'
c:\users\test\source\repos\new folder2\merlinstrials\merlinstrials\main.cpp(138): warning C4244: 'argument': conversion from 'int' to 'float', possible loss of data
c:\users\test\source\repos\new folder2\merlinstrials\merlinstrials\main.cpp(143): warning C4244: 'argument': conversion from 'int' to 'float', possible loss of data
c:\users\test\source\repos\new folder2\merlinstrials\merlinstrials\main.cpp(156): warning C4244: 'argument': conversion from 'double' to 'int', possible loss of data
c:\users\test\source\repos\new folder2\merlinstrials\merlinstrials\main.cpp(171): warning C4244: 'argument': conversion from 'int' to 'float', possible loss of data
  Collision.cpp
  CollisionBox.cpp
c:\users\test\source\repos\new folder2\merlinstrials\merlinstrials\source\collision\collisionbox.cpp(212): warning C4244: 'initializing': conversion from 'float' to 'int', possible loss of data
c:\users\test\source\repos\new folder2\merlinstrials\merlinstrials\source\collision\collisionbox.cpp(227): warning C4244: 'argument': conversion from 'float' to 'int', possible loss of data
c:\users\test\source\repos\new folder2\merlinstrials\merlinstrials\source\collision\collisionbox.cpp(235): warning C4244: 'argument': conversion from 'float' to 'int', possible loss of data
c:\users\test\source\repos\new folder2\merlinstrials\merlinstrials\source\collision\collisionbox.cpp(252): warning C4018: '<': signed/unsigned mismatch
c:\users\test\source\repos\new folder2\merlinstrials\merlinstrials\source\collision\collisionbox.cpp(266): warning C4018: '<': signed/unsigned mismatch
c:\users\test\source\repos\new folder2\merlinstrials\merlinstrials\source\collision\collisionbox.cpp(209): warning C4101: 'distance': unreferenced local variable
c:\users\test\source\repos\new folder2\merlinstrials\merlinstrials\source\collision\collisionbox.cpp(389): warning C4101: 'point': unreferenced local variable
c:\users\test\source\repos\new folder2\merlinstrials\merlinstrials\source\collision\collisionbox.cpp(413): warning C4101: 'point': unreferenced local variable
  Direct2DEngine.cpp
  Direct3DEngine.cpp
  SoundEngine.cpp
  Mesh.cpp
  ObjectImporter.cpp
c:\users\test\source\repos\new folder2\merlinstrials\merlinstrials\source\importer\objectimporter.cpp(34): warning C4101: 'e': unreferenced local variable
c:\users\test\source\repos\new folder2\merlinstrials\merlinstrials\source\importer\objectimporter.cpp(60): warning C4101: 'e': unreferenced local variable
c:\users\test\source\repos\new folder2\merlinstrials\merlinstrials\source\importer\objectimporter.cpp(91): warning C4101: 'e': unreferenced local variable
c:\users\test\source\repos\new folder2\merlinstrials\merlinstrials\source\importer\objectimporter.cpp(117): warning C4101: 'e': unreferenced local variable
c:\users\test\source\repos\new folder2\merlinstrials\merlinstrials\source\importer\objectimporter.cpp(142): warning C4101: 'e': unreferenced local variable
  Level.cpp
  LevelManager.cpp
c:\users\test\source\repos\new folder2\merlinstrials\merlinstrials\source\objects\gatemodel.h(49): warning C4305: 'argument': truncation from 'double' to 'float'
c:\users\test\source\repos\new folder2\merlinstrials\merlinstrials\source\objects\gatemodel.h(50): warning C4305: 'argument': truncation from 'double' to 'float'
c:\users\test\source\repos\new folder2\merlinstrials\merlinstrials\source\objects\gatemodel.h(51): warning C4305: 'argument': truncation from 'double' to 'float'
  LevelOne.cpp
c:\users\test\source\repos\new folder2\merlinstrials\merlinstrials\source\objects\gatemodel.h(49): warning C4305: 'argument': truncation from 'double' to 'float'
c:\users\test\source\repos\new folder2\merlinstrials\merlinstrials\source\objects\gatemodel.h(50): warning C4305: 'argument': truncation from 'double' to 'float'
c:\users\test\source\repos\new folder2\merlinstrials\merlinstrials\source\objects\gatemodel.h(51): warning C4305: 'argument': truncation from 'double' to 'float'
c:\users\test\source\repos\new folder2\merlinstrials\merlinstrials\source\levels\levelone.cpp(167): warning C4316: 'LoadingScreen': object allocated on the heap may not be aligned 16
c:\users\test\source\repos\new folder2\merlinstrials\merlinstrials\source\levels\levelone.cpp(172): warning C4316: 'CubeManager': object allocated on the heap may not be aligned 16
  LevelState.cpp
  LevelTimer.cpp
c:\users\test\source\repos\new folder2\merlinstrials\merlinstrials\source\levels\leveltimer.cpp(98): warning C4244: '+=': conversion from 'double' to 'float', possible loss of data
  LoadingScreen.cpp
c:\users\test\source\repos\new folder2\merlinstrials\merlinstrials\source\levels\loadingscreen.cpp(72): warning C4244: '=': conversion from 'float' to 'LONG', possible loss of data
c:\users\test\source\repos\new folder2\merlinstrials\merlinstrials\source\levels\loadingscreen.cpp(73): warning C4244: '=': conversion from 'float' to 'LONG', possible loss of data
c:\users\test\source\repos\new folder2\merlinstrials\merlinstrials\source\levels\loadingscreen.cpp(74): warning C4244: '=': conversion from 'float' to 'LONG', possible loss of data
c:\users\test\source\repos\new folder2\merlinstrials\merlinstrials\source\levels\loadingscreen.cpp(75): warning C4244: '=': conversion from 'float' to 'LONG', possible loss of data
c:\users\test\source\repos\new folder2\merlinstrials\merlinstrials\source\levels\loadingscreen.cpp(84): warning C4244: '=': conversion from 'double' to 'float', possible loss of data
c:\users\test\source\repos\new folder2\merlinstrials\merlinstrials\source\levels\loadingscreen.cpp(103): warning C4244: '-=': conversion from 'double' to 'float', possible loss of data
  CubeManager.cpp
c:\users\test\source\repos\new folder2\merlinstrials\merlinstrials\source\managers\cubemanager.cpp(84): warning C4316: 'CubeModel': object allocated on the heap may not be aligned 16
c:\users\test\source\repos\new folder2\merlinstrials\merlinstrials\source\managers\cubemanager.cpp(85): warning C4316: 'CubeModel': object allocated on the heap may not be aligned 16
c:\users\test\source\repos\new folder2\merlinstrials\merlinstrials\source\managers\cubemanager.cpp(86): warning C4316: 'PedestalModel': object allocated on the heap may not be aligned 16
c:\users\test\source\repos\new folder2\merlinstrials\merlinstrials\source\managers\cubemanager.cpp(87): warning C4316: 'PedestalModel': object allocated on the heap may not be aligned 16
c:\users\test\source\repos\new folder2\merlinstrials\merlinstrials\source\managers\cubemanager.cpp(623): warning C4018: '<': signed/unsigned mismatch
c:\users\test\source\repos\new folder2\merlinstrials\merlinstrials\source\managers\cubemanager.cpp(707): warning C4018: '<': signed/unsigned mismatch
  MenuManager.cpp
  WallManager.cpp
c:\users\test\source\repos\new folder2\merlinstrials\merlinstrials\source\managers\wallmanager.cpp(33): warning C4316: 'WallModel': object allocated on the heap may not be aligned 16
  Background.cpp
  Button.cpp
c:\users\test\source\repos\new folder2\merlinstrials\merlinstrials\source\menu\button.cpp(24): warning C4244: '=': conversion from 'float' to 'LONG', possible loss of data
c:\users\test\source\repos\new folder2\merlinstrials\merlinstrials\source\menu\button.cpp(25): warning C4244: '=': conversion from 'float' to 'LONG', possible loss of data
c:\users\test\source\repos\new folder2\merlinstrials\merlinstrials\source\menu\button.cpp(27): warning C4244: 'argument': conversion from 'double' to 'FLOAT', possible loss of data
c:\users\test\source\repos\new folder2\merlinstrials\merlinstrials\source\menu\button.cpp(29): warning C4244: '=': conversion from 'FLOAT' to 'LONG', possible loss of data
c:\users\test\source\repos\new folder2\merlinstrials\merlinstrials\source\menu\button.cpp(30): warning C4244: '=': conversion from 'FLOAT' to 'LONG', possible loss of data
c:\users\test\source\repos\new folder2\merlinstrials\merlinstrials\source\menu\button.cpp(32): warning C4244: 'argument': conversion from 'LONG' to 'FLOAT', possible loss of data
c:\users\test\source\repos\new folder2\merlinstrials\merlinstrials\source\menu\button.cpp(152): warning C4244: 'argument': conversion from 'double' to 'FLOAT', possible loss of data
c:\users\test\source\repos\new folder2\merlinstrials\merlinstrials\source\menu\button.cpp(170): warning C4244: '=': conversion from 'float' to 'LONG', possible loss of data
c:\users\test\source\repos\new folder2\merlinstrials\merlinstrials\source\menu\button.cpp(171): warning C4244: '=': conversion from 'float' to 'LONG', possible loss of data
c:\users\test\source\repos\new folder2\merlinstrials\merlinstrials\source\menu\button.cpp(173): warning C4244: 'argument': conversion from 'double' to 'FLOAT', possible loss of data
c:\users\test\source\repos\new folder2\merlinstrials\merlinstrials\source\menu\button.cpp(175): warning C4244: '=': conversion from 'FLOAT' to 'LONG', possible loss of data
c:\users\test\source\repos\new folder2\merlinstrials\merlinstrials\source\menu\button.cpp(176): warning C4244: '=': conversion from 'FLOAT' to 'LONG', possible loss of data
c:\users\test\source\repos\new folder2\merlinstrials\merlinstrials\source\menu\button.cpp(178): warning C4244: 'argument': conversion from 'LONG' to 'FLOAT', possible loss of data
c:\users\test\source\repos\new folder2\merlinstrials\merlinstrials\source\menu\button.cpp(294): warning C4244: '=': conversion from 'LONG' to 'FLOAT', possible loss of data
c:\users\test\source\repos\new folder2\merlinstrials\merlinstrials\source\menu\button.cpp(295): warning C4244: '=': conversion from 'LONG' to 'FLOAT', possible loss of data
c:\users\test\source\repos\new folder2\merlinstrials\merlinstrials\source\menu\button.cpp(296): warning C4244: '=': conversion from 'LONG' to 'FLOAT', possible loss of data
c:\users\test\source\repos\new folder2\merlinstrials\merlinstrials\source\menu\button.cpp(297): warning C4244: '=': conversion from 'LONG' to 'FLOAT', possible loss of data
  MainMenu.cpp
  Generating Code...
c:\users\test\source\repos\new folder2\merlinstrials\merlinstrials\source\levels\loadingscreen.cpp(50): warning C4715: 'LoadingScreen::clamp': not all control paths return a value
  Compiling...
  CubeModel.cpp
  GateModel.cpp
c:\users\test\source\repos\new folder2\merlinstrials\merlinstrials\source\objects\gatemodel.h(49): warning C4305: 'argument': truncation from 'double' to 'float'
c:\users\test\source\repos\new folder2\merlinstrials\merlinstrials\source\objects\gatemodel.h(50): warning C4305: 'argument': truncation from 'double' to 'float'
c:\users\test\source\repos\new folder2\merlinstrials\merlinstrials\source\objects\gatemodel.h(51): warning C4305: 'argument': truncation from 'double' to 'float'
c:\users\test\source\repos\new folder2\merlinstrials\merlinstrials\source\objects\gatemodel.cpp(125): warning C4244: 'initializing': conversion from 'double' to 'float', possible loss of data
  ModelBase.cpp
  PedestalModel.cpp
  RockModel.cpp
  TerrainModel.cpp
  WallModel.cpp
  WandModel.cpp
c:\users\test\source\repos\new folder2\merlinstrials\merlinstrials\source\objects\wandmodel.cpp(82): warning C4244: 'argument': conversion from 'double' to 'float', possible loss of data
c:\users\test\source\repos\new folder2\merlinstrials\merlinstrials\source\objects\wandmodel.cpp(88): warning C4244: 'argument': conversion from 'double' to 'float', possible loss of data
c:\users\test\source\repos\new folder2\merlinstrials\merlinstrials\source\objects\wandmodel.cpp(93): warning C4244: 'argument': conversion from 'double' to 'float', possible loss of data
c:\users\test\source\repos\new folder2\merlinstrials\merlinstrials\source\objects\wandmodel.cpp(98): warning C4244: 'argument': conversion from 'double' to 'float', possible loss of data
c:\users\test\source\repos\new folder2\merlinstrials\merlinstrials\source\objects\wandmodel.cpp(118): warning C4305: 'argument': truncation from 'double' to 'float'
  Camera.cpp
c:\users\test\source\repos\new folder2\merlinstrials\merlinstrials\source\player\camera.cpp(169): warning C4244: 'initializing': conversion from 'double' to 'float', possible loss of data
c:\users\test\source\repos\new folder2\merlinstrials\merlinstrials\source\player\camera.cpp(172): warning C4244: 'initializing': conversion from 'double' to 'float', possible loss of data
c:\users\test\source\repos\new folder2\merlinstrials\merlinstrials\source\player\camera.cpp(173): warning C4244: 'initializing': conversion from 'double' to 'float', possible loss of data
c:\users\test\source\repos\new folder2\merlinstrials\merlinstrials\source\player\camera.cpp(181): warning C4244: 'argument': conversion from 'float' to 'int', possible loss of data
  Interaction.cpp
  Inventory.cpp
  Player.cpp
c:\users\test\source\repos\new folder2\merlinstrials\merlinstrials\source\player\player.cpp(36): warning C4018: '<': signed/unsigned mismatch
c:\users\test\source\repos\new folder2\merlinstrials\merlinstrials\source\player\player.cpp(115): warning C4316: 'WandModel': object allocated on the heap may not be aligned 16
c:\users\test\source\repos\new folder2\merlinstrials\merlinstrials\source\player\player.cpp(277): warning C4018: '<': signed/unsigned mismatch
  NormalMapShader.cpp
  Window.cpp
c:\users\test\source\repos\new folder2\merlinstrials\merlinstrials\source\window\window.cpp(65): warning C4244: '=': conversion from 'double' to 'unsigned int', possible loss of data
c:\users\test\source\repos\new folder2\merlinstrials\merlinstrials\source\window\window.cpp(66): warning C4244: '=': conversion from 'double' to 'unsigned int', possible loss of data
  Generating Code...
  BasicShader.cpp
  MerlinsTrials.vcxproj -> C:\Users\test\source\repos\New folder2\MerlinsTrials\Debug\MerlinsTrials.exe
