c:\users\its me\desktop\redovisning\new folder1\merlinstrials\merlinstrials\debug\vc141.pdb
c:\users\its me\desktop\redovisning\new folder1\merlinstrials\merlinstrials\debug\vc141.idb
c:\users\its me\desktop\redovisning\new folder1\merlinstrials\merlinstrials\debug\gatemodel.obj
c:\users\its me\desktop\redovisning\new folder1\merlinstrials\merlinstrials\debug\cubemodel.obj
c:\users\its me\desktop\redovisning\new folder1\merlinstrials\merlinstrials\debug\mainmenu.obj
c:\users\its me\desktop\redovisning\new folder1\merlinstrials\merlinstrials\debug\button.obj
c:\users\its me\desktop\redovisning\new folder1\merlinstrials\merlinstrials\debug\background.obj
c:\users\its me\desktop\redovisning\new folder1\merlinstrials\merlinstrials\debug\wallmanager.obj
c:\users\its me\desktop\redovisning\new folder1\merlinstrials\merlinstrials\debug\menumanager.obj
c:\users\its me\desktop\redovisning\new folder1\merlinstrials\merlinstrials\debug\cubemanager.obj
c:\users\its me\desktop\redovisning\new folder1\merlinstrials\merlinstrials\debug\loadingscreen.obj
c:\users\its me\desktop\redovisning\new folder1\merlinstrials\merlinstrials\debug\leveltimer.obj
c:\users\its me\desktop\redovisning\new folder1\merlinstrials\merlinstrials\debug\levelstate.obj
c:\users\its me\desktop\redovisning\new folder1\merlinstrials\merlinstrials\debug\levelone.obj
c:\users\its me\desktop\redovisning\new folder1\merlinstrials\merlinstrials\debug\level.obj
c:\users\its me\desktop\redovisning\new folder1\merlinstrials\merlinstrials\debug\objectimporter.obj
c:\users\its me\desktop\redovisning\new folder1\merlinstrials\merlinstrials\debug\mesh.obj
c:\users\its me\desktop\redovisning\new folder1\merlinstrials\merlinstrials\debug\direct3dengine.obj
c:\users\its me\desktop\redovisning\new folder1\merlinstrials\merlinstrials\debug\direct2dengine.obj
c:\users\its me\desktop\redovisning\new folder1\merlinstrials\merlinstrials\debug\collisionbox.obj
c:\users\its me\desktop\redovisning\new folder1\merlinstrials\merlinstrials\debug\collision.obj
c:\users\its me\desktop\redovisning\new folder1\merlinstrials\merlinstrials\debug\main.obj
c:\users\its me\desktop\redovisning\new folder1\merlinstrials\merlinstrials\debug\window.obj
c:\users\its me\desktop\redovisning\new folder1\merlinstrials\merlinstrials\debug\normalmapshader.obj
c:\users\its me\desktop\redovisning\new folder1\merlinstrials\merlinstrials\debug\player.obj
c:\users\its me\desktop\redovisning\new folder1\merlinstrials\merlinstrials\debug\inventory.obj
c:\users\its me\desktop\redovisning\new folder1\merlinstrials\merlinstrials\debug\interaction.obj
c:\users\its me\desktop\redovisning\new folder1\merlinstrials\merlinstrials\debug\camera.obj
c:\users\its me\desktop\redovisning\new folder1\merlinstrials\merlinstrials\debug\wandmodel.obj
c:\users\its me\desktop\redovisning\new folder1\merlinstrials\merlinstrials\debug\wallmodel.obj
c:\users\its me\desktop\redovisning\new folder1\merlinstrials\merlinstrials\debug\terrainmodel.obj
c:\users\its me\desktop\redovisning\new folder1\merlinstrials\merlinstrials\debug\rockmodel.obj
c:\users\its me\desktop\redovisning\new folder1\merlinstrials\merlinstrials\debug\pedestalmodel.obj
c:\users\its me\desktop\redovisning\new folder1\merlinstrials\merlinstrials\debug\modelbase.obj
c:\users\its me\desktop\redovisning\new folder1\merlinstrials\merlinstrials\debug\levelmanager.obj
c:\users\its me\desktop\redovisning\new folder1\merlinstrials\merlinstrials\debug\merlinstrials.pch
c:\users\its me\desktop\redovisning\new folder1\merlinstrials\merlinstrials\debug\stdafx.obj
c:\users\its me\desktop\redovisning\new folder1\merlinstrials\merlinstrials\debug\soundengine.obj
c:\users\its me\desktop\redovisning\new folder1\merlinstrials\merlinstrials\debug\basicshader.obj
c:\users\its me\desktop\redovisning\new folder1\merlinstrials\debug\merlinstrials.exe
c:\users\its me\desktop\redovisning\new folder1\merlinstrials\debug\merlinstrials.ilk
c:\users\its me\desktop\redovisning\new folder1\merlinstrials\debug\merlinstrials.pdb
c:\users\its me\desktop\redovisning\new folder1\merlinstrials\merlinstrials\debug\merlinstrials.res
c:\users\its me\desktop\redovisning\new folder1\merlinstrials\merlinstrials\debug\cubemodel.obj.enc
c:\users\its me\desktop\redovisning\new folder1\merlinstrials\merlinstrials\debug\gatemodel.obj.enc
c:\users\its me\desktop\redovisning\new folder1\merlinstrials\merlinstrials\debug\inventory.obj.enc
c:\users\its me\desktop\redovisning\new folder1\merlinstrials\merlinstrials\debug\level.obj.enc
c:\users\its me\desktop\redovisning\new folder1\merlinstrials\merlinstrials\debug\levelone.obj.enc
c:\users\its me\desktop\redovisning\new folder1\merlinstrials\merlinstrials\debug\loadingscreen.obj.enc
c:\users\its me\desktop\redovisning\new folder1\merlinstrials\merlinstrials\debug\main.obj.enc
c:\users\its me\desktop\redovisning\new folder1\merlinstrials\merlinstrials\debug\mesh.obj.enc
c:\users\its me\desktop\redovisning\new folder1\merlinstrials\merlinstrials\debug\modelbase.obj.enc
c:\users\its me\desktop\redovisning\new folder1\merlinstrials\merlinstrials\debug\objectimporter.obj.enc
c:\users\its me\desktop\redovisning\new folder1\merlinstrials\merlinstrials\debug\pedestalmodel.obj.enc
c:\users\its me\desktop\redovisning\new folder1\merlinstrials\merlinstrials\debug\player.obj.enc
c:\users\its me\desktop\redovisning\new folder1\merlinstrials\merlinstrials\debug\rockmodel.obj.enc
c:\users\its me\desktop\redovisning\new folder1\merlinstrials\merlinstrials\debug\terrainmodel.obj.enc
c:\users\its me\desktop\redovisning\new folder1\merlinstrials\merlinstrials\debug\wallmanager.obj.enc
c:\users\its me\desktop\redovisning\new folder1\merlinstrials\merlinstrials\debug\wallmodel.obj.enc
c:\users\its me\desktop\redovisning\new folder1\merlinstrials\merlinstrials\debug\wandmodel.obj.enc
c:\users\its me\desktop\redovisning\new folder1\merlinstrials\merlinstrials\debug\merlinstrials.tlog\cl.command.1.tlog
c:\users\its me\desktop\redovisning\new folder1\merlinstrials\merlinstrials\debug\merlinstrials.tlog\cl.read.1.tlog
c:\users\its me\desktop\redovisning\new folder1\merlinstrials\merlinstrials\debug\merlinstrials.tlog\cl.write.1.tlog
c:\users\its me\desktop\redovisning\new folder1\merlinstrials\merlinstrials\debug\merlinstrials.tlog\link.command.1.tlog
c:\users\its me\desktop\redovisning\new folder1\merlinstrials\merlinstrials\debug\merlinstrials.tlog\link.read.1.tlog
c:\users\its me\desktop\redovisning\new folder1\merlinstrials\merlinstrials\debug\merlinstrials.tlog\link.write.1.tlog
c:\users\its me\desktop\redovisning\new folder1\merlinstrials\merlinstrials\debug\merlinstrials.tlog\rc.command.1.tlog
c:\users\its me\desktop\redovisning\new folder1\merlinstrials\merlinstrials\debug\merlinstrials.tlog\rc.read.1.tlog
c:\users\its me\desktop\redovisning\new folder1\merlinstrials\merlinstrials\debug\merlinstrials.tlog\rc.write.1.tlog
