  stdafx.cpp
  Main.cpp
c:\users\teemu\documents\newestmerlinstrials\merlinstrials\merlinstrials\source\objects\gatemodel.h(48): warning C4305: 'argument': truncation from 'double' to 'float'
c:\users\teemu\documents\newestmerlinstrials\merlinstrials\merlinstrials\source\objects\gatemodel.h(49): warning C4305: 'argument': truncation from 'double' to 'float'
c:\users\teemu\documents\newestmerlinstrials\merlinstrials\merlinstrials\source\objects\gatemodel.h(50): warning C4305: 'argument': truncation from 'double' to 'float'
c:\users\teemu\documents\newestmerlinstrials\merlinstrials\merlinstrials\main.cpp(125): warning C4244: 'argument': conversion from 'double' to 'int', possible loss of data
  Collision.cpp
  CollisionBox.cpp
c:\users\teemu\documents\newestmerlinstrials\merlinstrials\merlinstrials\source\collision\collisionbox.cpp(212): warning C4244: 'initializing': conversion from 'float' to 'int', possible loss of data
c:\users\teemu\documents\newestmerlinstrials\merlinstrials\merlinstrials\source\collision\collisionbox.cpp(227): warning C4244: 'argument': conversion from 'float' to 'int', possible loss of data
c:\users\teemu\documents\newestmerlinstrials\merlinstrials\merlinstrials\source\collision\collisionbox.cpp(235): warning C4244: 'argument': conversion from 'float' to 'int', possible loss of data
c:\users\teemu\documents\newestmerlinstrials\merlinstrials\merlinstrials\source\collision\collisionbox.cpp(252): warning C4018: '<': signed/unsigned mismatch
c:\users\teemu\documents\newestmerlinstrials\merlinstrials\merlinstrials\source\collision\collisionbox.cpp(266): warning C4018: '<': signed/unsigned mismatch
c:\users\teemu\documents\newestmerlinstrials\merlinstrials\merlinstrials\source\collision\collisionbox.cpp(209): warning C4101: 'distance': unreferenced local variable
c:\users\teemu\documents\newestmerlinstrials\merlinstrials\merlinstrials\source\collision\collisionbox.cpp(389): warning C4101: 'point': unreferenced local variable
c:\users\teemu\documents\newestmerlinstrials\merlinstrials\merlinstrials\source\collision\collisionbox.cpp(413): warning C4101: 'point': unreferenced local variable
  Direct2DEngine.cpp
  Direct3DEngine.cpp
  Mesh.cpp
  ObjectImporter.cpp
c:\users\teemu\documents\newestmerlinstrials\merlinstrials\merlinstrials\source\importer\objectimporter.cpp(34): warning C4101: 'e': unreferenced local variable
c:\users\teemu\documents\newestmerlinstrials\merlinstrials\merlinstrials\source\importer\objectimporter.cpp(60): warning C4101: 'e': unreferenced local variable
c:\users\teemu\documents\newestmerlinstrials\merlinstrials\merlinstrials\source\importer\objectimporter.cpp(91): warning C4101: 'e': unreferenced local variable
c:\users\teemu\documents\newestmerlinstrials\merlinstrials\merlinstrials\source\importer\objectimporter.cpp(116): warning C4101: 'e': unreferenced local variable
c:\users\teemu\documents\newestmerlinstrials\merlinstrials\merlinstrials\source\importer\objectimporter.cpp(141): warning C4101: 'e': unreferenced local variable
  Level.cpp
  LevelOne.cpp
c:\users\teemu\documents\newestmerlinstrials\merlinstrials\merlinstrials\source\objects\gatemodel.h(48): warning C4305: 'argument': truncation from 'double' to 'float'
c:\users\teemu\documents\newestmerlinstrials\merlinstrials\merlinstrials\source\objects\gatemodel.h(49): warning C4305: 'argument': truncation from 'double' to 'float'
c:\users\teemu\documents\newestmerlinstrials\merlinstrials\merlinstrials\source\objects\gatemodel.h(50): warning C4305: 'argument': truncation from 'double' to 'float'
  CubeManager.cpp
c:\users\teemu\documents\newestmerlinstrials\merlinstrials\merlinstrials\source\managers\cubemanager.cpp(29): warning C4316: 'CubeModel': object allocated on the heap may not be aligned 16
c:\users\teemu\documents\newestmerlinstrials\merlinstrials\merlinstrials\source\managers\cubemanager.cpp(30): warning C4316: 'CubeModel': object allocated on the heap may not be aligned 16
c:\users\teemu\documents\newestmerlinstrials\merlinstrials\merlinstrials\source\managers\cubemanager.cpp(31): warning C4316: 'PedestalModel': object allocated on the heap may not be aligned 16
c:\users\teemu\documents\newestmerlinstrials\merlinstrials\merlinstrials\source\managers\cubemanager.cpp(32): warning C4316: 'PedestalModel': object allocated on the heap may not be aligned 16
c:\users\teemu\documents\newestmerlinstrials\merlinstrials\merlinstrials\source\managers\cubemanager.cpp(426): warning C4018: '<': signed/unsigned mismatch
  MenuManager.cpp
  WallManager.cpp
c:\users\teemu\documents\newestmerlinstrials\merlinstrials\merlinstrials\source\managers\wallmanager.cpp(30): warning C4316: 'WallModel': object allocated on the heap may not be aligned 16
  Background.cpp
  Button.cpp
c:\users\teemu\documents\newestmerlinstrials\merlinstrials\merlinstrials\source\menu\button.cpp(24): warning C4244: '=': conversion from 'float' to 'LONG', possible loss of data
c:\users\teemu\documents\newestmerlinstrials\merlinstrials\merlinstrials\source\menu\button.cpp(25): warning C4244: '=': conversion from 'float' to 'LONG', possible loss of data
c:\users\teemu\documents\newestmerlinstrials\merlinstrials\merlinstrials\source\menu\button.cpp(27): warning C4244: 'argument': conversion from 'double' to 'FLOAT', possible loss of data
c:\users\teemu\documents\newestmerlinstrials\merlinstrials\merlinstrials\source\menu\button.cpp(29): warning C4244: '=': conversion from 'FLOAT' to 'LONG', possible loss of data
c:\users\teemu\documents\newestmerlinstrials\merlinstrials\merlinstrials\source\menu\button.cpp(30): warning C4244: '=': conversion from 'FLOAT' to 'LONG', possible loss of data
c:\users\teemu\documents\newestmerlinstrials\merlinstrials\merlinstrials\source\menu\button.cpp(32): warning C4244: 'argument': conversion from 'LONG' to 'FLOAT', possible loss of data
c:\users\teemu\documents\newestmerlinstrials\merlinstrials\merlinstrials\source\menu\button.cpp(152): warning C4244: 'argument': conversion from 'double' to 'FLOAT', possible loss of data
c:\users\teemu\documents\newestmerlinstrials\merlinstrials\merlinstrials\source\menu\button.cpp(170): warning C4244: '=': conversion from 'float' to 'LONG', possible loss of data
c:\users\teemu\documents\newestmerlinstrials\merlinstrials\merlinstrials\source\menu\button.cpp(171): warning C4244: '=': conversion from 'float' to 'LONG', possible loss of data
c:\users\teemu\documents\newestmerlinstrials\merlinstrials\merlinstrials\source\menu\button.cpp(173): warning C4244: 'argument': conversion from 'double' to 'FLOAT', possible loss of data
c:\users\teemu\documents\newestmerlinstrials\merlinstrials\merlinstrials\source\menu\button.cpp(175): warning C4244: '=': conversion from 'FLOAT' to 'LONG', possible loss of data
c:\users\teemu\documents\newestmerlinstrials\merlinstrials\merlinstrials\source\menu\button.cpp(176): warning C4244: '=': conversion from 'FLOAT' to 'LONG', possible loss of data
c:\users\teemu\documents\newestmerlinstrials\merlinstrials\merlinstrials\source\menu\button.cpp(178): warning C4244: 'argument': conversion from 'LONG' to 'FLOAT', possible loss of data
c:\users\teemu\documents\newestmerlinstrials\merlinstrials\merlinstrials\source\menu\button.cpp(294): warning C4244: '=': conversion from 'LONG' to 'FLOAT', possible loss of data
c:\users\teemu\documents\newestmerlinstrials\merlinstrials\merlinstrials\source\menu\button.cpp(295): warning C4244: '=': conversion from 'LONG' to 'FLOAT', possible loss of data
c:\users\teemu\documents\newestmerlinstrials\merlinstrials\merlinstrials\source\menu\button.cpp(296): warning C4244: '=': conversion from 'LONG' to 'FLOAT', possible loss of data
c:\users\teemu\documents\newestmerlinstrials\merlinstrials\merlinstrials\source\menu\button.cpp(297): warning C4244: '=': conversion from 'LONG' to 'FLOAT', possible loss of data
  MainMenu.cpp
  CubeModel.cpp
  GateModel.cpp
c:\users\teemu\documents\newestmerlinstrials\merlinstrials\merlinstrials\source\objects\gatemodel.h(48): warning C4305: 'argument': truncation from 'double' to 'float'
c:\users\teemu\documents\newestmerlinstrials\merlinstrials\merlinstrials\source\objects\gatemodel.h(49): warning C4305: 'argument': truncation from 'double' to 'float'
c:\users\teemu\documents\newestmerlinstrials\merlinstrials\merlinstrials\source\objects\gatemodel.h(50): warning C4305: 'argument': truncation from 'double' to 'float'
c:\users\teemu\documents\newestmerlinstrials\merlinstrials\merlinstrials\source\objects\gatemodel.cpp(100): warning C4244: 'initializing': conversion from 'double' to 'float', possible loss of data
  ModelBase.cpp
  PedestalModel.cpp
  RockModel.cpp
  Compiling...
  TerrainModel.cpp
  WallModel.cpp
  WandModel.cpp
c:\users\teemu\documents\newestmerlinstrials\merlinstrials\merlinstrials\source\objects\wandmodel.cpp(86): warning C4305: 'argument': truncation from 'double' to 'float'
c:\users\teemu\documents\newestmerlinstrials\merlinstrials\merlinstrials\source\objects\wandmodel.cpp(87): warning C4305: 'argument': truncation from 'double' to 'float'
  Camera.cpp
c:\users\teemu\documents\newestmerlinstrials\merlinstrials\merlinstrials\source\player\camera.cpp(135): warning C4244: 'initializing': conversion from 'double' to 'float', possible loss of data
c:\users\teemu\documents\newestmerlinstrials\merlinstrials\merlinstrials\source\player\camera.cpp(138): warning C4244: 'initializing': conversion from 'double' to 'float', possible loss of data
c:\users\teemu\documents\newestmerlinstrials\merlinstrials\merlinstrials\source\player\camera.cpp(139): warning C4244: 'initializing': conversion from 'double' to 'float', possible loss of data
c:\users\teemu\documents\newestmerlinstrials\merlinstrials\merlinstrials\source\player\camera.cpp(147): warning C4244: 'argument': conversion from 'float' to 'int', possible loss of data
  Interaction.cpp
  Inventory.cpp
  Player.cpp
c:\users\teemu\documents\newestmerlinstrials\merlinstrials\merlinstrials\source\player\player.cpp(35): warning C4018: '<': signed/unsigned mismatch
c:\users\teemu\documents\newestmerlinstrials\merlinstrials\merlinstrials\source\player\player.cpp(113): warning C4316: 'WandModel': object allocated on the heap may not be aligned 16
c:\users\teemu\documents\newestmerlinstrials\merlinstrials\merlinstrials\source\player\player.cpp(281): warning C4018: '<': signed/unsigned mismatch
  NormalMapShader.cpp
  Window.cpp
c:\users\teemu\documents\newestmerlinstrials\merlinstrials\merlinstrials\source\window\window.cpp(65): warning C4244: '=': conversion from 'double' to 'unsigned int', possible loss of data
c:\users\teemu\documents\newestmerlinstrials\merlinstrials\merlinstrials\source\window\window.cpp(66): warning C4244: '=': conversion from 'double' to 'unsigned int', possible loss of data
  BasicShader.cpp
  Generating code
c:\users\teemu\documents\newestmerlinstrials\merlinstrials\merlinstrials\source\player\player.cpp(146): warning C4715: 'Player::init': not all control paths return a value
  2235 of 2237 functions (99.9%) were compiled, the rest were copied from previous compilation.
    507 functions were new in current compilation
    1 functions had inline decision re-evaluated but remain unchanged
  Finished generating code
  MerlinsTrials.vcxproj -> C:\Users\Teemu\Documents\NewestMerlinsTrials\MerlinsTrials\Release\MerlinsTrials.exe
