c:\users\maxtla\desktop\merlinstrials\merlinstrials\x64\debug\vc141.pdb
c:\users\maxtla\desktop\merlinstrials\merlinstrials\x64\debug\vc141.idb
c:\users\maxtla\desktop\merlinstrials\merlinstrials\x64\debug\terrainmodel.obj
c:\users\maxtla\desktop\merlinstrials\merlinstrials\x64\debug\modelbase.obj
c:\users\maxtla\desktop\merlinstrials\merlinstrials\x64\debug\mainmenu.obj
c:\users\maxtla\desktop\merlinstrials\merlinstrials\x64\debug\button.obj
c:\users\maxtla\desktop\merlinstrials\merlinstrials\x64\debug\background.obj
c:\users\maxtla\desktop\merlinstrials\merlinstrials\x64\debug\wallmanager.obj
c:\users\maxtla\desktop\merlinstrials\merlinstrials\x64\debug\menumanager.obj
c:\users\maxtla\desktop\merlinstrials\merlinstrials\x64\debug\inputhandler.obj
c:\users\maxtla\desktop\merlinstrials\merlinstrials\x64\debug\mesh.obj
c:\users\maxtla\desktop\merlinstrials\merlinstrials\x64\debug\direct3dengine.obj
c:\users\maxtla\desktop\merlinstrials\merlinstrials\x64\debug\direct2dengine.obj
c:\users\maxtla\desktop\merlinstrials\merlinstrials\x64\debug\collisionbox.obj
c:\users\maxtla\desktop\merlinstrials\merlinstrials\x64\debug\collision.obj
c:\users\maxtla\desktop\merlinstrials\merlinstrials\x64\debug\window.obj
c:\users\maxtla\desktop\merlinstrials\merlinstrials\x64\debug\normalmapshader.obj
c:\users\maxtla\desktop\merlinstrials\merlinstrials\x64\debug\basicshader.obj
c:\users\maxtla\desktop\merlinstrials\merlinstrials\x64\debug\camera.obj
c:\users\maxtla\desktop\merlinstrials\merlinstrials\x64\debug\wallmodel.obj
c:\users\maxtla\desktop\merlinstrials\merlinstrials\x64\debug\levelmanager.obj
c:\users\maxtla\desktop\merlinstrials\merlinstrials\x64\debug\meshmanager.obj
c:\users\maxtla\desktop\merlinstrials\merlinstrials\x64\debug\test_scene.obj
c:\users\maxtla\desktop\merlinstrials\merlinstrials\x64\debug\levelone.obj
c:\users\maxtla\desktop\merlinstrials\merlinstrials\x64\debug\level.obj
c:\users\maxtla\desktop\merlinstrials\merlinstrials\x64\debug\main.obj
c:\users\maxim\onedrive\dokumente\merlinstrials\merlinstrials\x64\debug\merlinstrials.pch
c:\users\maxim\onedrive\dokumente\merlinstrials\merlinstrials\x64\debug\vc141.pdb
c:\users\maxim\onedrive\dokumente\merlinstrials\merlinstrials\x64\debug\vc141.idb
c:\users\maxim\onedrive\dokumente\merlinstrials\merlinstrials\x64\debug\stdafx.obj
c:\users\maxim\onedrive\dokumente\merlinstrials\merlinstrials\x64\debug\mesh.obj
c:\users\maxim\onedrive\dokumente\merlinstrials\merlinstrials\x64\debug\inputhandler.obj
c:\users\maxim\onedrive\dokumente\merlinstrials\merlinstrials\x64\debug\menumanager.obj
c:\users\maxim\onedrive\dokumente\merlinstrials\merlinstrials\x64\debug\wallmanager.obj
c:\users\maxim\onedrive\dokumente\merlinstrials\merlinstrials\x64\debug\background.obj
c:\users\maxim\onedrive\dokumente\merlinstrials\merlinstrials\x64\debug\button.obj
c:\users\maxim\onedrive\dokumente\merlinstrials\merlinstrials\x64\debug\mainmenu.obj
c:\users\maxim\onedrive\dokumente\merlinstrials\merlinstrials\x64\debug\modelbase.obj
c:\users\maxim\onedrive\dokumente\merlinstrials\merlinstrials\x64\debug\terrainmodel.obj
c:\users\maxim\onedrive\dokumente\merlinstrials\merlinstrials\x64\debug\wallmodel.obj
c:\users\maxim\onedrive\dokumente\merlinstrials\merlinstrials\x64\debug\camera.obj
c:\users\maxim\onedrive\dokumente\merlinstrials\merlinstrials\x64\debug\basicshader.obj
c:\users\maxim\onedrive\dokumente\merlinstrials\merlinstrials\x64\debug\normalmapshader.obj
c:\users\maxim\onedrive\dokumente\merlinstrials\merlinstrials\x64\debug\window.obj
c:\users\maxim\onedrive\dokumente\merlinstrials\merlinstrials\x64\debug\collision.obj
c:\users\maxim\onedrive\dokumente\merlinstrials\merlinstrials\x64\debug\collisionbox.obj
c:\users\maxim\onedrive\dokumente\merlinstrials\merlinstrials\x64\debug\direct2dengine.obj
c:\users\maxim\onedrive\dokumente\merlinstrials\merlinstrials\x64\debug\direct3dengine.obj
i:\merlinstrials\merlinstrials\x64\debug\merlinstrials.pch
i:\merlinstrials\merlinstrials\x64\debug\vc141.pdb
i:\merlinstrials\merlinstrials\x64\debug\vc141.idb
i:\merlinstrials\merlinstrials\x64\debug\stdafx.obj
i:\merlinstrials\merlinstrials\x64\debug\wallmodel.obj
i:\merlinstrials\merlinstrials\x64\debug\terrainmodel.obj
i:\merlinstrials\merlinstrials\x64\debug\modelbase.obj
i:\merlinstrials\merlinstrials\x64\debug\mainmenu.obj
i:\merlinstrials\merlinstrials\x64\debug\button.obj
i:\merlinstrials\merlinstrials\x64\debug\background.obj
i:\merlinstrials\merlinstrials\x64\debug\wallmanager.obj
i:\merlinstrials\merlinstrials\x64\debug\menumanager.obj
i:\merlinstrials\merlinstrials\x64\debug\mesh.obj
i:\merlinstrials\merlinstrials\x64\debug\direct3dengine.obj
i:\merlinstrials\merlinstrials\x64\debug\direct2dengine.obj
i:\merlinstrials\merlinstrials\x64\debug\collisionbox.obj
i:\merlinstrials\merlinstrials\x64\debug\collision.obj
i:\merlinstrials\merlinstrials\x64\debug\window.obj
i:\merlinstrials\merlinstrials\x64\debug\normalmapshader.obj
i:\merlinstrials\merlinstrials\x64\debug\basicshader.obj
i:\merlinstrials\merlinstrials\x64\debug\player.obj
i:\merlinstrials\merlinstrials\x64\debug\camera.obj
i:\merlinstrials\merlinstrials\x64\debug\wandmodel.obj
c:\users\maxtla\desktop\merlinstrials\merlinstrials\x64\debug\merlinstrials.pch
c:\users\maxtla\desktop\merlinstrials\merlinstrials\x64\debug\stdafx.obj
c:\users\maxtla\desktop\merlinstrials\merlinstrials\x64\debug\wandmodel.obj
c:\users\maxtla\desktop\merlinstrials\merlinstrials\x64\debug\rockmodel.obj
c:\users\maxtla\desktop\merlinstrials\merlinstrials\x64\debug\interaction.obj
c:\users\its me\desktop\redovisning\new folder1\merlinstrials\merlinstrials\x64\debug\merlinstrials.pch
c:\users\its me\desktop\redovisning\new folder1\merlinstrials\merlinstrials\x64\debug\vc141.pdb
c:\users\its me\desktop\redovisning\new folder1\merlinstrials\merlinstrials\x64\debug\vc141.idb
c:\users\its me\desktop\redovisning\new folder1\merlinstrials\merlinstrials\x64\debug\stdafx.obj
c:\users\its me\desktop\redovisning\new folder1\merlinstrials\merlinstrials\x64\debug\mainmenu.obj
c:\users\its me\desktop\redovisning\new folder1\merlinstrials\merlinstrials\x64\debug\button.obj
c:\users\its me\desktop\redovisning\new folder1\merlinstrials\merlinstrials\x64\debug\background.obj
c:\users\its me\desktop\redovisning\new folder1\merlinstrials\merlinstrials\x64\debug\menumanager.obj
c:\users\its me\desktop\redovisning\new folder1\merlinstrials\merlinstrials\x64\debug\leveltimer.obj
c:\users\its me\desktop\redovisning\new folder1\merlinstrials\merlinstrials\x64\debug\levelstate.obj
c:\users\its me\desktop\redovisning\new folder1\merlinstrials\merlinstrials\x64\debug\mesh.obj
c:\users\its me\desktop\redovisning\new folder1\merlinstrials\merlinstrials\x64\debug\direct3dengine.obj
c:\users\its me\desktop\redovisning\new folder1\merlinstrials\merlinstrials\x64\debug\direct2dengine.obj
c:\users\its me\desktop\redovisning\new folder1\merlinstrials\merlinstrials\x64\debug\collisionbox.obj
c:\users\its me\desktop\redovisning\new folder1\merlinstrials\merlinstrials\x64\debug\collision.obj
c:\users\its me\desktop\redovisning\new folder1\merlinstrials\merlinstrials\x64\debug\window.obj
c:\users\its me\desktop\redovisning\new folder1\merlinstrials\merlinstrials\x64\debug\normalmapshader.obj
c:\users\its me\desktop\redovisning\new folder1\merlinstrials\merlinstrials\x64\debug\basicshader.obj
c:\users\its me\desktop\redovisning\new folder1\merlinstrials\merlinstrials\x64\debug\interaction.obj
c:\users\its me\desktop\redovisning\new folder1\merlinstrials\merlinstrials\x64\debug\camera.obj
c:\users\its me\desktop\redovisning\new folder1\merlinstrials\merlinstrials\x64\debug\wandmodel.obj
c:\users\its me\desktop\redovisning\new folder1\merlinstrials\merlinstrials\x64\debug\wallmodel.obj
c:\users\its me\desktop\redovisning\new folder1\merlinstrials\merlinstrials\x64\debug\terrainmodel.obj
c:\users\its me\desktop\redovisning\new folder1\merlinstrials\merlinstrials\x64\debug\rockmodel.obj
c:\users\its me\desktop\redovisning\new folder1\merlinstrials\merlinstrials\x64\debug\modelbase.obj
c:\users\its me\desktop\redovisning\new folder1\merlinstrials\merlinstrials\x64\debug\player.obj
c:\users\its me\desktop\redovisning\new folder1\merlinstrials\merlinstrials\x64\debug\inventory.obj
c:\users\its me\desktop\redovisning\new folder1\merlinstrials\merlinstrials\x64\debug\pedestalmodel.obj
c:\users\its me\desktop\redovisning\new folder1\merlinstrials\merlinstrials\x64\debug\gatemodel.obj
c:\users\its me\desktop\redovisning\new folder1\merlinstrials\merlinstrials\x64\debug\cubemodel.obj
c:\users\its me\desktop\redovisning\new folder1\merlinstrials\merlinstrials\x64\debug\wallmanager.obj
c:\users\its me\desktop\redovisning\new folder1\merlinstrials\merlinstrials\x64\debug\cubemanager.obj
c:\users\its me\desktop\redovisning\new folder1\merlinstrials\merlinstrials\x64\debug\loadingscreen.obj
c:\users\its me\desktop\redovisning\new folder1\merlinstrials\merlinstrials\x64\debug\levelone.obj
c:\users\its me\desktop\redovisning\new folder1\merlinstrials\merlinstrials\x64\debug\level.obj
c:\users\its me\desktop\redovisning\new folder1\merlinstrials\merlinstrials\x64\debug\objectimporter.obj
c:\users\its me\desktop\redovisning\new folder1\merlinstrials\merlinstrials\x64\debug\main.obj
c:\users\its me\desktop\redovisning\new folder1\merlinstrials\merlinstrials\x64\debug\merlinstrials.res
c:\users\its me\desktop\redovisning\new folder1\merlinstrials\merlinstrials\x64\debug\inputhandler.obj
c:\users\its me\desktop\redovisning\new folder1\merlinstrials\merlinstrials\x64\debug\levelmanager.obj
c:\users\its me\desktop\redovisning\new folder1\merlinstrials\merlinstrials\x64\debug\meshmanager.obj
c:\users\its me\desktop\redovisning\new folder1\merlinstrials\merlinstrials\x64\debug\test_scene.obj
c:\users\its me\desktop\redovisning\new folder1\merlinstrials\x64\debug\merlinstrials.pdb
c:\users\its me\desktop\redovisning\new folder1\merlinstrials\merlinstrials\x64\debug\merlinstrials.tlog\cl.command.1.tlog
c:\users\its me\desktop\redovisning\new folder1\merlinstrials\merlinstrials\x64\debug\merlinstrials.tlog\cl.read.1.tlog
c:\users\its me\desktop\redovisning\new folder1\merlinstrials\merlinstrials\x64\debug\merlinstrials.tlog\cl.write.1.tlog
c:\users\its me\desktop\redovisning\new folder1\merlinstrials\merlinstrials\x64\debug\merlinstrials.tlog\link-cvtres.read.1.tlog
c:\users\its me\desktop\redovisning\new folder1\merlinstrials\merlinstrials\x64\debug\merlinstrials.tlog\link-cvtres.write.1.tlog
c:\users\its me\desktop\redovisning\new folder1\merlinstrials\merlinstrials\x64\debug\merlinstrials.tlog\link-rc.read.1.tlog
c:\users\its me\desktop\redovisning\new folder1\merlinstrials\merlinstrials\x64\debug\merlinstrials.tlog\link-rc.write.1.tlog
c:\users\its me\desktop\redovisning\new folder1\merlinstrials\merlinstrials\x64\debug\merlinstrials.tlog\link.command.1.tlog
c:\users\its me\desktop\redovisning\new folder1\merlinstrials\merlinstrials\x64\debug\merlinstrials.tlog\link.read.1.tlog
c:\users\its me\desktop\redovisning\new folder1\merlinstrials\merlinstrials\x64\debug\merlinstrials.tlog\link.write.1.tlog
c:\users\its me\desktop\redovisning\new folder1\merlinstrials\merlinstrials\x64\debug\merlinstrials.tlog\rc.command.1.tlog
c:\users\its me\desktop\redovisning\new folder1\merlinstrials\merlinstrials\x64\debug\merlinstrials.tlog\rc.read.1.tlog
c:\users\its me\desktop\redovisning\new folder1\merlinstrials\merlinstrials\x64\debug\merlinstrials.tlog\rc.write.1.tlog
